[[1;34mINFO[m] Scanning for projects...
[[1;34mINFO[m] 
[[1;34mINFO[m] [1m-------------------< [0;36mcom.tacoloco:pricingCalculator[0;1m >-------------------[m
[[1;34mINFO[m] [1mBuilding pricingCalculator 0.0.1-SNAPSHOT[m
[[1;34mINFO[m] [1m--------------------------------[ jar ]---------------------------------[m
[[1;34mINFO[m] 
[[1;34mINFO[m] [1m--- [0;32mmaven-resources-plugin:3.1.0:resources[m [1m(default-resources)[m @ [36mpricingCalculator[0;1m ---[m
[[1;34mINFO[m] Using 'UTF-8' encoding to copy filtered resources.
[[1;34mINFO[m] Copying 1 resource
[[1;34mINFO[m] Copying 0 resource
[[1;34mINFO[m] 
[[1;34mINFO[m] [1m--- [0;32mmaven-compiler-plugin:3.8.1:compile[m [1m(default-compile)[m @ [36mpricingCalculator[0;1m ---[m
[[1;34mINFO[m] Nothing to compile - all classes are up to date
[[1;34mINFO[m] 
[[1;34mINFO[m] [1m--- [0;32mmaven-resources-plugin:3.1.0:testResources[m [1m(default-testResources)[m @ [36mpricingCalculator[0;1m ---[m
[[1;34mINFO[m] Using 'UTF-8' encoding to copy filtered resources.
[[1;34mINFO[m] Copying 1 resource
[[1;34mINFO[m] 
[[1;34mINFO[m] [1m--- [0;32mmaven-compiler-plugin:3.8.1:testCompile[m [1m(default-testCompile)[m @ [36mpricingCalculator[0;1m ---[m
[[1;34mINFO[m] Changes detected - recompiling the module!
[[1;34mINFO[m] Compiling 5 source files to /home/runner/taco-loco/target/test-classes
[[1;34mINFO[m] -------------------------------------------------------------
[[1;31mERROR[m] COMPILATION ERROR : 
[[1;34mINFO[m] -------------------------------------------------------------
[[1;31mERROR[m] /home/runner/taco-loco/src/test/java/com/tacoloco/pricingCalculator/PricingCalculatorControllerTests.java:[176,22] cannot find symbol
  symbol:   method setSessionOwner(java.lang.String)
  location: variable mockDaoSession2 of type com.tacoloco.model.DAOSession
[[1;31mERROR[m] /home/runner/taco-loco/src/test/java/com/tacoloco/pricingCalculator/PricingCalculatorControllerTests.java:[178,27] cannot find symbol
  symbol:   variable mockDaoSession1
  location: class com.tacoloco.pricingCalculator.PricingCalculatorControllerTests
[[1;34mINFO[m] 2 errors 
[[1;34mINFO[m] -------------------------------------------------------------
[[1;34mINFO[m] [1m------------------------------------------------------------------------[m
[[1;34mINFO[m] [1;31mBUILD FAILURE[m
[[1;34mINFO[m] [1m------------------------------------------------------------------------[m
[[1;34mINFO[m] Total time:  39.390 s
[[1;34mINFO[m] Finished at: 2020-09-01T13:11:28Z
[[1;34mINFO[m] [1m------------------------------------------------------------------------[m
[[1;31mERROR[m] Failed to execute goal [32morg.apache.maven.plugins:maven-compiler-plugin:3.8.1:testCompile[m [1m(default-testCompile)[m on project [36mpricingCalculator[m: [1;31mCompilation failure[m: Compilation failure: 
[[1;31mERROR[m] /home/runner/taco-loco/src/test/java/com/tacoloco/pricingCalculator/PricingCalculatorControllerTests.java:[176,22] cannot find symbol
[[1;31mERROR[m]   symbol:   method setSessionOwner(java.lang.String)
[[1;31mERROR[m]   location: variable mockDaoSession2 of type com.tacoloco.model.DAOSession
[[1;31mERROR[m] /home/runner/taco-loco/src/test/java/com/tacoloco/pricingCalculator/PricingCalculatorControllerTests.java:[178,27] cannot find symbol
[[1;31mERROR[m]   symbol:   variable mockDaoSession1
[[1;31mERROR[m]   location: class com.tacoloco.pricingCalculator.PricingCalculatorControllerTests
[[1;31mERROR[m] -> [1m[Help 1][m
[[1;31mERROR[m] 
[[1;31mERROR[m] To see the full stack trace of the errors, re-run Maven with the [1m-e[m switch.
[[1;31mERROR[m] Re-run Maven using the [1m-X[m switch to enable full debug logging.
[[1;31mERROR[m] 
[[1;31mERROR[m] For more information about the errors and possible solutions, please read the following articles:
[[1;31mERROR[m] [1m[Help 1][m http://cwiki.apache.org/confluence/display/MAVEN/MojoFailureException
