-------------------------------------------------------------------------------
Test set: com.tacoloco.pricingCalculator.IntegrationTests
-------------------------------------------------------------------------------
Tests run: 9, Failures: 5, Errors: 1, Skipped: 0, Time elapsed: 63.895 s <<< FAILURE! - in com.tacoloco.pricingCalculator.IntegrationTests
postRegisterCustomerInvalid  Time elapsed: 1.609 s  <<< FAILURE!
java.lang.AssertionError: Response status expected:<401> but was:<422>
	at com.tacoloco.pricingCalculator.IntegrationTests.postRegisterCustomerInvalid(IntegrationTests.java:81)

putInsertCustomerValid  Time elapsed: 0.011 s  <<< ERROR!
java.lang.Error: 
Unresolved compilation problems: 
	The method getId() is undefined for the type Customer
	The method getUsername() is undefined for the type Customer
	The method getFirstName() is undefined for the type Customer
	The method getLastName() is undefined for the type Customer
	The method getEncodedPassword() is undefined for the type Customer

	at com.tacoloco.pricingCalculator.IntegrationTests.putInsertCustomerValid(IntegrationTests.java:130)

postAuthenticateUserValid  Time elapsed: 0.122 s  <<< FAILURE!
java.lang.AssertionError: Status expected:<200> but was:<422>
	at com.tacoloco.pricingCalculator.IntegrationTests.postAuthenticateUserValid(IntegrationTests.java:94)

postTotalValidWithDiscount  Time elapsed: 0.1 s  <<< FAILURE!
java.lang.AssertionError: Status expected:<200> but was:<422>
	at com.tacoloco.pricingCalculator.IntegrationTests.postTotalValidWithDiscount(IntegrationTests.java:165)

postRegisterCustomerValid  Time elapsed: 0.102 s  <<< FAILURE!
java.lang.AssertionError: Status expected:<200> but was:<422>
	at com.tacoloco.pricingCalculator.IntegrationTests.postRegisterCustomerValid(IntegrationTests.java:62)

postTotalValid  Time elapsed: 0.015 s  <<< FAILURE!
java.lang.AssertionError: Status expected:<200> but was:<422>
	at com.tacoloco.pricingCalculator.IntegrationTests.postTotalValid(IntegrationTests.java:151)

