-------------------------------------------------------------------------------
Test set: com.tacoloco.pricingCalculator.PricingCalculatorServiceTests
-------------------------------------------------------------------------------
Tests run: 14, Failures: 1, Errors: 0, Skipped: 0, Time elapsed: 28.598 s <<< FAILURE! - in com.tacoloco.pricingCalculator.PricingCalculatorServiceTests
getSessionFromUsernameValid  Time elapsed: 0.212 s  <<< FAILURE!
org.opentest4j.AssertionFailedError: expected: <true> but was: <false>
	at com.tacoloco.pricingCalculator.PricingCalculatorServiceTests.getSessionFromUsernameValid(PricingCalculatorServiceTests.java:126)

